2024-04-05T22:18:23+00:00 MacBook-Pro-212.local#00 I: Runner: processes
2024-04-05T22:18:23+00:00 MacBook-Pro-212.local#00 I: Chooser: simple
2024-04-05T22:18:23+00:00 MacBook-Pro-212.local#00 I: Configuration suite_name = "public"
2024-04-05T22:18:23+00:00 MacBook-Pro-212.local#00 I: Configuration cache_filename = "/Users/angeloparker/Proj-iv-aparke21/_build/oUnit-$(suite_name).cache"
2024-04-05T22:18:23+00:00 MacBook-Pro-212.local#00 I: Configuration run_gc_full_major = "true"
2024-04-05T22:18:23+00:00 MacBook-Pro-212.local#00 I: Configuration display = "true"
2024-04-05T22:18:23+00:00 MacBook-Pro-212.local#00 I: Configuration results_style_1_X = "false"
2024-04-05T22:18:23+00:00 MacBook-Pro-212.local#00 I: Configuration testdata_dir = "none"
2024-04-05T22:18:23+00:00 MacBook-Pro-212.local#00 I: Configuration health_check_interval = "1."
2024-04-05T22:18:23+00:00 MacBook-Pro-212.local#00 I: Configuration verbose = "false"
2024-04-05T22:18:23+00:00 MacBook-Pro-212.local#00 I: Configuration chooser = "simple"
2024-04-05T22:18:23+00:00 MacBook-Pro-212.local#00 I: Configuration output_html_dir = "none"
2024-04-05T22:18:23+00:00 MacBook-Pro-212.local#00 I: Configuration processes_kill_period = "5."
2024-04-05T22:18:23+00:00 MacBook-Pro-212.local#00 I: Configuration runner = "processes"
2024-04-05T22:18:23+00:00 MacBook-Pro-212.local#00 I: Configuration shards = "2"
2024-04-05T22:18:23+00:00 MacBook-Pro-212.local#00 I: Configuration processes_grace_period = "5."
2024-04-05T22:18:23+00:00 MacBook-Pro-212.local#00 I: Configuration log_encoding = "utf-8"
2024-04-05T22:18:23+00:00 MacBook-Pro-212.local#00 I: Configuration output_junit_file = "none"
2024-04-05T22:18:23+00:00 MacBook-Pro-212.local#00 I: Configuration ci = "false"
2024-04-05T22:18:23+00:00 MacBook-Pro-212.local#00 I: Configuration output_file = "/Users/angeloparker/Proj-iv-aparke21/_build/oUnit-$(suite_name)-$(shard_id).log"
2024-04-05T22:18:23+00:00 MacBook-Pro-212.local#00 I: Using 2 workers maximum.
2024-04-05T22:18:23+00:00 MacBook-Pro-212.local#00 I: Starting worker number MacBook-Pro-212.local#01.
2024-04-05T22:18:23+00:00 MacBook-Pro-212.local#00 I: Worker MacBook-Pro-212.local#01 started.
2024-04-05T22:18:23+00:00 MacBook-Pro-212.local#00 I: Starting worker number MacBook-Pro-212.local#02.
2024-04-05T22:18:23+00:00 MacBook-Pro-212.local#00 I: Worker MacBook-Pro-212.local#02 started.
2024-04-05T22:18:23+00:00 MacBook-Pro-212.local#00 I: 2 tests running: public:1:public_parser_expr_add1, public:0:public_parser_nothing.
2024-04-05T22:18:23+00:00 MacBook-Pro-212.local#01 I: Start test public:0:public_parser_nothing.
2024-04-05T22:18:23+00:00 MacBook-Pro-212.local#00 I: 2 tests running: public:1:public_parser_expr_add1, public:0:public_parser_nothing.
2024-04-05T22:18:23+00:00 MacBook-Pro-212.local#01 W: Skip test public:0:public_parser_nothing: Test disabled.
2024-04-05T22:18:23+00:00 MacBook-Pro-212.local#00 I: 2 tests running: public:1:public_parser_expr_add1, public:0:public_parser_nothing.
2024-04-05T22:18:23+00:00 MacBook-Pro-212.local#01 I: End test public:0:public_parser_nothing.
2024-04-05T22:18:23+00:00 MacBook-Pro-212.local#00 I: 2 tests running: public:1:public_parser_expr_add1, public:0:public_parser_nothing.
2024-04-05T22:18:23+00:00 MacBook-Pro-212.local#00 I: 2 tests running: public:2:public_parser_expr_apply, public:1:public_parser_expr_add1.
2024-04-05T22:18:23+00:00 MacBook-Pro-212.local#01 I: Start test public:2:public_parser_expr_apply.
2024-04-05T22:18:23+00:00 MacBook-Pro-212.local#00 I: 2 tests running: public:2:public_parser_expr_apply, public:1:public_parser_expr_add1.
2024-04-05T22:18:23+00:00 MacBook-Pro-212.local#01 W: Skip test public:2:public_parser_expr_apply: Test disabled.
2024-04-05T22:18:23+00:00 MacBook-Pro-212.local#00 I: 2 tests running: public:2:public_parser_expr_apply, public:1:public_parser_expr_add1.
2024-04-05T22:18:23+00:00 MacBook-Pro-212.local#01 I: End test public:2:public_parser_expr_apply.
2024-04-05T22:18:23+00:00 MacBook-Pro-212.local#00 I: 2 tests running: public:2:public_parser_expr_apply, public:1:public_parser_expr_add1.
2024-04-05T22:18:23+00:00 MacBook-Pro-212.local#00 I: 2 tests running: public:3:public_parser_expr_double_fun, public:1:public_parser_expr_add1.
2024-04-05T22:18:23+00:00 MacBook-Pro-212.local#01 I: Start test public:3:public_parser_expr_double_fun.
2024-04-05T22:18:23+00:00 MacBook-Pro-212.local#00 I: 2 tests running: public:3:public_parser_expr_double_fun, public:1:public_parser_expr_add1.
2024-04-05T22:18:23+00:00 MacBook-Pro-212.local#02 I: Start test public:1:public_parser_expr_add1.
2024-04-05T22:18:23+00:00 MacBook-Pro-212.local#01 W: Skip test public:3:public_parser_expr_double_fun: Test disabled.
2024-04-05T22:18:23+00:00 MacBook-Pro-212.local#00 I: 2 tests running: public:3:public_parser_expr_double_fun, public:1:public_parser_expr_add1.
2024-04-05T22:18:23+00:00 MacBook-Pro-212.local#01 I: End test public:3:public_parser_expr_double_fun.
2024-04-05T22:18:23+00:00 MacBook-Pro-212.local#00 I: 2 tests running: public:3:public_parser_expr_double_fun, public:1:public_parser_expr_add1.
2024-04-05T22:18:23+00:00 MacBook-Pro-212.local#02 W: Skip test public:1:public_parser_expr_add1: Test disabled.
2024-04-05T22:18:23+00:00 MacBook-Pro-212.local#00 I: 2 tests running: public:4:public_parser_expr_let_if, public:1:public_parser_expr_add1.
2024-04-05T22:18:23+00:00 MacBook-Pro-212.local#02 I: End test public:1:public_parser_expr_add1.
2024-04-05T22:18:23+00:00 MacBook-Pro-212.local#00 I: 2 tests running: public:4:public_parser_expr_let_if, public:1:public_parser_expr_add1.
2024-04-05T22:18:23+00:00 MacBook-Pro-212.local#01 I: Start test public:4:public_parser_expr_let_if.
2024-04-05T22:18:23+00:00 MacBook-Pro-212.local#00 I: 2 tests running: public:5:public_parser_expr_let_fun, public:4:public_parser_expr_let_if.
2024-04-05T22:18:23+00:00 MacBook-Pro-212.local#01 W: Skip test public:4:public_parser_expr_let_if: Test disabled.
2024-04-05T22:18:23+00:00 MacBook-Pro-212.local#00 I: 2 tests running: public:5:public_parser_expr_let_fun, public:4:public_parser_expr_let_if.
2024-04-05T22:18:23+00:00 MacBook-Pro-212.local#01 I: End test public:4:public_parser_expr_let_if.
2024-04-05T22:18:23+00:00 MacBook-Pro-212.local#00 I: 2 tests running: public:5:public_parser_expr_let_fun, public:4:public_parser_expr_let_if.
2024-04-05T22:18:23+00:00 MacBook-Pro-212.local#02 I: Start test public:5:public_parser_expr_let_fun.
2024-04-05T22:18:23+00:00 MacBook-Pro-212.local#00 I: 2 tests running: public:6:public_parser_expr_minus_one, public:5:public_parser_expr_let_fun.
2024-04-05T22:18:23+00:00 MacBook-Pro-212.local#02 W: Skip test public:5:public_parser_expr_let_fun: Test disabled.
2024-04-05T22:18:23+00:00 MacBook-Pro-212.local#00 I: 2 tests running: public:6:public_parser_expr_minus_one, public:5:public_parser_expr_let_fun.
2024-04-05T22:18:23+00:00 MacBook-Pro-212.local#02 I: End test public:5:public_parser_expr_let_fun.
2024-04-05T22:18:23+00:00 MacBook-Pro-212.local#01 I: Start test public:6:public_parser_expr_minus_one.
2024-04-05T22:18:23+00:00 MacBook-Pro-212.local#00 I: 2 tests running: public:6:public_parser_expr_minus_one, public:5:public_parser_expr_let_fun.
2024-04-05T22:18:23+00:00 MacBook-Pro-212.local#00 I: 2 tests running: public:7:public_parser_expr_nested_let, public:6:public_parser_expr_minus_one.
2024-04-05T22:18:23+00:00 MacBook-Pro-212.local#01 W: Skip test public:6:public_parser_expr_minus_one: Test disabled.
2024-04-05T22:18:23+00:00 MacBook-Pro-212.local#00 I: 2 tests running: public:7:public_parser_expr_nested_let, public:6:public_parser_expr_minus_one.
2024-04-05T22:18:23+00:00 MacBook-Pro-212.local#01 I: End test public:6:public_parser_expr_minus_one.
2024-04-05T22:18:23+00:00 MacBook-Pro-212.local#00 I: 2 tests running: public:7:public_parser_expr_nested_let, public:6:public_parser_expr_minus_one.
2024-04-05T22:18:23+00:00 MacBook-Pro-212.local#02 I: Start test public:7:public_parser_expr_nested_let.
2024-04-05T22:18:23+00:00 MacBook-Pro-212.local#00 I: 2 tests running: public:8:public_parser_expr_simple_equal, public:7:public_parser_expr_nested_let.
2024-04-05T22:18:23+00:00 MacBook-Pro-212.local#02 W: Skip test public:7:public_parser_expr_nested_let: Test disabled.
2024-04-05T22:18:23+00:00 MacBook-Pro-212.local#01 I: Start test public:8:public_parser_expr_simple_equal.
2024-04-05T22:18:23+00:00 MacBook-Pro-212.local#00 I: 2 tests running: public:8:public_parser_expr_simple_equal, public:7:public_parser_expr_nested_let.
2024-04-05T22:18:23+00:00 MacBook-Pro-212.local#02 I: End test public:7:public_parser_expr_nested_let.
2024-04-05T22:18:23+00:00 MacBook-Pro-212.local#01 W: Skip test public:8:public_parser_expr_simple_equal: Test disabled.
2024-04-05T22:18:23+00:00 MacBook-Pro-212.local#00 I: 2 tests running: public:8:public_parser_expr_simple_equal, public:7:public_parser_expr_nested_let.
2024-04-05T22:18:23+00:00 MacBook-Pro-212.local#01 I: End test public:8:public_parser_expr_simple_equal.
2024-04-05T22:18:23+00:00 MacBook-Pro-212.local#00 I: 2 tests running: public:9:public_parser_expr_simple_concat, public:8:public_parser_expr_simple_equal.
2024-04-05T22:18:23+00:00 MacBook-Pro-212.local#00 I: 2 tests running: public:10:public_parser_expr_simple_div, public:9:public_parser_expr_simple_concat.
2024-04-05T22:18:23+00:00 MacBook-Pro-212.local#01 I: Start test public:10:public_parser_expr_simple_div.
2024-04-05T22:18:23+00:00 MacBook-Pro-212.local#00 I: 2 tests running: public:10:public_parser_expr_simple_div, public:9:public_parser_expr_simple_concat.
2024-04-05T22:18:23+00:00 MacBook-Pro-212.local#02 I: Start test public:9:public_parser_expr_simple_concat.
2024-04-05T22:18:23+00:00 MacBook-Pro-212.local#01 W: Skip test public:10:public_parser_expr_simple_div: Test disabled.
2024-04-05T22:18:23+00:00 MacBook-Pro-212.local#00 I: 2 tests running: public:10:public_parser_expr_simple_div, public:9:public_parser_expr_simple_concat.
2024-04-05T22:18:23+00:00 MacBook-Pro-212.local#02 W: Skip test public:9:public_parser_expr_simple_concat: Test disabled.
2024-04-05T22:18:23+00:00 MacBook-Pro-212.local#01 I: End test public:10:public_parser_expr_simple_div.
2024-04-05T22:18:23+00:00 MacBook-Pro-212.local#00 I: 2 tests running: public:10:public_parser_expr_simple_div, public:9:public_parser_expr_simple_concat.
2024-04-05T22:18:23+00:00 MacBook-Pro-212.local#02 I: End test public:9:public_parser_expr_simple_concat.
2024-04-05T22:18:23+00:00 MacBook-Pro-212.local#00 I: 2 tests running: public:11:public_parser_expr_simple_mult, public:9:public_parser_expr_simple_concat.
2024-04-05T22:18:23+00:00 MacBook-Pro-212.local#00 I: 2 tests running: public:12:public_parser_expr_simple_sub, public:11:public_parser_expr_simple_mult.
2024-04-05T22:18:23+00:00 MacBook-Pro-212.local#01 I: Start test public:11:public_parser_expr_simple_mult.
2024-04-05T22:18:23+00:00 MacBook-Pro-212.local#00 I: 2 tests running: public:12:public_parser_expr_simple_sub, public:11:public_parser_expr_simple_mult.
2024-04-05T22:18:23+00:00 MacBook-Pro-212.local#01 W: Skip test public:11:public_parser_expr_simple_mult: Test disabled.
2024-04-05T22:18:23+00:00 MacBook-Pro-212.local#02 I: Start test public:12:public_parser_expr_simple_sub.
2024-04-05T22:18:23+00:00 MacBook-Pro-212.local#00 I: 2 tests running: public:12:public_parser_expr_simple_sub, public:11:public_parser_expr_simple_mult.
2024-04-05T22:18:23+00:00 MacBook-Pro-212.local#01 I: End test public:11:public_parser_expr_simple_mult.
2024-04-05T22:18:23+00:00 MacBook-Pro-212.local#02 W: Skip test public:12:public_parser_expr_simple_sub: Test disabled.
2024-04-05T22:18:23+00:00 MacBook-Pro-212.local#00 I: 2 tests running: public:12:public_parser_expr_simple_sub, public:11:public_parser_expr_simple_mult.
2024-04-05T22:18:23+00:00 MacBook-Pro-212.local#02 I: End test public:12:public_parser_expr_simple_sub.
2024-04-05T22:18:23+00:00 MacBook-Pro-212.local#00 I: 2 tests running: public:13:public_parser_expr_simple_sum, public:12:public_parser_expr_simple_sub.
2024-04-05T22:18:23+00:00 MacBook-Pro-212.local#01 I: Start test public:13:public_parser_expr_simple_sum.
2024-04-05T22:18:23+00:00 MacBook-Pro-212.local#00 I: 2 tests running: public:14:public_parser_expr_single_and, public:13:public_parser_expr_simple_sum.
2024-04-05T22:18:23+00:00 MacBook-Pro-212.local#01 W: Skip test public:13:public_parser_expr_simple_sum: Test disabled.
2024-04-05T22:18:23+00:00 MacBook-Pro-212.local#02 I: Start test public:14:public_parser_expr_single_and.
2024-04-05T22:18:23+00:00 MacBook-Pro-212.local#00 I: 2 tests running: public:14:public_parser_expr_single_and, public:13:public_parser_expr_simple_sum.
2024-04-05T22:18:23+00:00 MacBook-Pro-212.local#01 I: End test public:13:public_parser_expr_simple_sum.
2024-04-05T22:18:23+00:00 MacBook-Pro-212.local#00 I: 2 tests running: public:14:public_parser_expr_single_and, public:13:public_parser_expr_simple_sum.
2024-04-05T22:18:23+00:00 MacBook-Pro-212.local#02 W: Skip test public:14:public_parser_expr_single_and: Test disabled.
2024-04-05T22:18:23+00:00 MacBook-Pro-212.local#00 I: 2 tests running: public:15:public_parser_expr_single_bool, public:14:public_parser_expr_single_and.
2024-04-05T22:18:23+00:00 MacBook-Pro-212.local#02 I: End test public:14:public_parser_expr_single_and.
2024-04-05T22:18:23+00:00 MacBook-Pro-212.local#00 I: 2 tests running: public:15:public_parser_expr_single_bool, public:14:public_parser_expr_single_and.
2024-04-05T22:18:23+00:00 MacBook-Pro-212.local#01 I: Start test public:15:public_parser_expr_single_bool.
2024-04-05T22:18:23+00:00 MacBook-Pro-212.local#00 I: 2 tests running: public:16:public_parser_expr_single_fun, public:15:public_parser_expr_single_bool.
2024-04-05T22:18:23+00:00 MacBook-Pro-212.local#01 W: Skip test public:15:public_parser_expr_single_bool: Test disabled.
2024-04-05T22:18:23+00:00 MacBook-Pro-212.local#00 I: 2 tests running: public:16:public_parser_expr_single_fun, public:15:public_parser_expr_single_bool.
2024-04-05T22:18:23+00:00 MacBook-Pro-212.local#01 I: End test public:15:public_parser_expr_single_bool.
2024-04-05T22:18:23+00:00 MacBook-Pro-212.local#02 I: Start test public:16:public_parser_expr_single_fun.
2024-04-05T22:18:23+00:00 MacBook-Pro-212.local#00 I: 2 tests running: public:16:public_parser_expr_single_fun, public:15:public_parser_expr_single_bool.
2024-04-05T22:18:23+00:00 MacBook-Pro-212.local#02 W: Skip test public:16:public_parser_expr_single_fun: Test disabled.
2024-04-05T22:18:23+00:00 MacBook-Pro-212.local#00 I: 2 tests running: public:17:public_parser_expr_single_if, public:16:public_parser_expr_single_fun.
2024-04-05T22:18:23+00:00 MacBook-Pro-212.local#02 I: End test public:16:public_parser_expr_single_fun.
2024-04-05T22:18:23+00:00 MacBook-Pro-212.local#00 I: 2 tests running: public:17:public_parser_expr_single_if, public:16:public_parser_expr_single_fun.
2024-04-05T22:18:23+00:00 MacBook-Pro-212.local#01 I: Start test public:17:public_parser_expr_single_if.
2024-04-05T22:18:23+00:00 MacBook-Pro-212.local#00 I: 2 tests running: public:18:public_parser_expr_single_let, public:17:public_parser_expr_single_if.
2024-04-05T22:18:23+00:00 MacBook-Pro-212.local#01 W: Skip test public:17:public_parser_expr_single_if: Test disabled.
2024-04-05T22:18:23+00:00 MacBook-Pro-212.local#00 I: 2 tests running: public:18:public_parser_expr_single_let, public:17:public_parser_expr_single_if.
2024-04-05T22:18:23+00:00 MacBook-Pro-212.local#01 I: End test public:17:public_parser_expr_single_if.
2024-04-05T22:18:23+00:00 MacBook-Pro-212.local#02 I: Start test public:18:public_parser_expr_single_let.
2024-04-05T22:18:23+00:00 MacBook-Pro-212.local#00 I: 2 tests running: public:18:public_parser_expr_single_let, public:17:public_parser_expr_single_if.
2024-04-05T22:18:23+00:00 MacBook-Pro-212.local#02 W: Skip test public:18:public_parser_expr_single_let: Test disabled.
2024-04-05T22:18:23+00:00 MacBook-Pro-212.local#00 I: 2 tests running: public:19:public_parser_expr_single_notequal, public:18:public_parser_expr_single_let.
2024-04-05T22:18:23+00:00 MacBook-Pro-212.local#02 I: End test public:18:public_parser_expr_single_let.
2024-04-05T22:18:23+00:00 MacBook-Pro-212.local#00 I: 2 tests running: public:19:public_parser_expr_single_notequal, public:18:public_parser_expr_single_let.
2024-04-05T22:18:23+00:00 MacBook-Pro-212.local#01 I: Start test public:19:public_parser_expr_single_notequal.
2024-04-05T22:18:23+00:00 MacBook-Pro-212.local#00 I: 2 tests running: public:20:public_parser_expr_single_not, public:19:public_parser_expr_single_notequal.
2024-04-05T22:18:23+00:00 MacBook-Pro-212.local#01 W: Skip test public:19:public_parser_expr_single_notequal: Test disabled.
2024-04-05T22:18:23+00:00 MacBook-Pro-212.local#00 I: 2 tests running: public:20:public_parser_expr_single_not, public:19:public_parser_expr_single_notequal.
2024-04-05T22:18:23+00:00 MacBook-Pro-212.local#01 I: End test public:19:public_parser_expr_single_notequal.
2024-04-05T22:18:23+00:00 MacBook-Pro-212.local#02 I: Start test public:20:public_parser_expr_single_not.
2024-04-05T22:18:23+00:00 MacBook-Pro-212.local#00 I: 2 tests running: public:20:public_parser_expr_single_not, public:19:public_parser_expr_single_notequal.
2024-04-05T22:18:23+00:00 MacBook-Pro-212.local#02 W: Skip test public:20:public_parser_expr_single_not: Test disabled.
2024-04-05T22:18:23+00:00 MacBook-Pro-212.local#00 I: 2 tests running: public:21:public_parser_expr_single_number, public:20:public_parser_expr_single_not.
2024-04-05T22:18:23+00:00 MacBook-Pro-212.local#02 I: End test public:20:public_parser_expr_single_not.
2024-04-05T22:18:23+00:00 MacBook-Pro-212.local#00 I: 2 tests running: public:21:public_parser_expr_single_number, public:20:public_parser_expr_single_not.
2024-04-05T22:18:23+00:00 MacBook-Pro-212.local#01 I: Start test public:21:public_parser_expr_single_number.
2024-04-05T22:18:23+00:00 MacBook-Pro-212.local#00 I: 2 tests running: public:22:public_parser_expr_single_or, public:21:public_parser_expr_single_number.
2024-04-05T22:18:23+00:00 MacBook-Pro-212.local#01 W: Skip test public:21:public_parser_expr_single_number: Test disabled.
2024-04-05T22:18:23+00:00 MacBook-Pro-212.local#00 I: 2 tests running: public:22:public_parser_expr_single_or, public:21:public_parser_expr_single_number.
2024-04-05T22:18:23+00:00 MacBook-Pro-212.local#01 I: End test public:21:public_parser_expr_single_number.
2024-04-05T22:18:23+00:00 MacBook-Pro-212.local#02 I: Start test public:22:public_parser_expr_single_or.
2024-04-05T22:18:23+00:00 MacBook-Pro-212.local#00 I: 2 tests running: public:22:public_parser_expr_single_or, public:21:public_parser_expr_single_number.
2024-04-05T22:18:23+00:00 MacBook-Pro-212.local#00 I: 2 tests running: public:23:public_parser_expr_single_string, public:22:public_parser_expr_single_or.
2024-04-05T22:18:23+00:00 MacBook-Pro-212.local#02 W: Skip test public:22:public_parser_expr_single_or: Test disabled.
2024-04-05T22:18:23+00:00 MacBook-Pro-212.local#00 I: 2 tests running: public:23:public_parser_expr_single_string, public:22:public_parser_expr_single_or.
2024-04-05T22:18:23+00:00 MacBook-Pro-212.local#02 I: End test public:22:public_parser_expr_single_or.
2024-04-05T22:18:23+00:00 MacBook-Pro-212.local#01 I: Start test public:23:public_parser_expr_single_string.
2024-04-05T22:18:23+00:00 MacBook-Pro-212.local#00 I: 2 tests running: public:23:public_parser_expr_single_string, public:22:public_parser_expr_single_or.
2024-04-05T22:18:23+00:00 MacBook-Pro-212.local#01 W: Skip test public:23:public_parser_expr_single_string: Test disabled.
2024-04-05T22:18:23+00:00 MacBook-Pro-212.local#00 I: 2 tests running: public:24:public_parser_expr_shadow, public:23:public_parser_expr_single_string.
2024-04-05T22:18:23+00:00 MacBook-Pro-212.local#01 I: End test public:23:public_parser_expr_single_string.
2024-04-05T22:18:23+00:00 MacBook-Pro-212.local#02 I: Start test public:24:public_parser_expr_shadow.
2024-04-05T22:18:23+00:00 MacBook-Pro-212.local#00 I: 2 tests running: public:24:public_parser_expr_shadow, public:23:public_parser_expr_single_string.
2024-04-05T22:18:23+00:00 MacBook-Pro-212.local#02 W: Skip test public:24:public_parser_expr_shadow: Test disabled.
2024-04-05T22:18:23+00:00 MacBook-Pro-212.local#00 I: 2 tests running: public:25:public_parser_expr_record_empty, public:24:public_parser_expr_shadow.
2024-04-05T22:18:23+00:00 MacBook-Pro-212.local#02 I: End test public:24:public_parser_expr_shadow.
2024-04-05T22:18:23+00:00 MacBook-Pro-212.local#00 I: 2 tests running: public:25:public_parser_expr_record_empty, public:24:public_parser_expr_shadow.
2024-04-05T22:18:23+00:00 MacBook-Pro-212.local#01 I: Start test public:25:public_parser_expr_record_empty.
2024-04-05T22:18:23+00:00 MacBook-Pro-212.local#00 I: 2 tests running: public:26:public_parser_expr_record1, public:25:public_parser_expr_record_empty.
2024-04-05T22:18:23+00:00 MacBook-Pro-212.local#01 W: Skip test public:25:public_parser_expr_record_empty: Test disabled.
2024-04-05T22:18:23+00:00 MacBook-Pro-212.local#02 I: Start test public:26:public_parser_expr_record1.
2024-04-05T22:18:23+00:00 MacBook-Pro-212.local#00 I: 2 tests running: public:26:public_parser_expr_record1, public:25:public_parser_expr_record_empty.
2024-04-05T22:18:23+00:00 MacBook-Pro-212.local#01 I: End test public:25:public_parser_expr_record_empty.
2024-04-05T22:18:23+00:00 MacBook-Pro-212.local#02 W: Skip test public:26:public_parser_expr_record1: Test disabled.
2024-04-05T22:18:23+00:00 MacBook-Pro-212.local#00 I: 2 tests running: public:26:public_parser_expr_record1, public:25:public_parser_expr_record_empty.
2024-04-05T22:18:23+00:00 MacBook-Pro-212.local#02 I: End test public:26:public_parser_expr_record1.
2024-04-05T22:18:23+00:00 MacBook-Pro-212.local#00 I: 2 tests running: public:27:public_parser_expr_record2, public:26:public_parser_expr_record1.
2024-04-05T22:18:23+00:00 MacBook-Pro-212.local#01 I: Start test public:27:public_parser_expr_record2.
2024-04-05T22:18:23+00:00 MacBook-Pro-212.local#00 I: 2 tests running: public:28:public_parser_expr_record3, public:27:public_parser_expr_record2.
2024-04-05T22:18:23+00:00 MacBook-Pro-212.local#01 W: Skip test public:27:public_parser_expr_record2: Test disabled.
2024-04-05T22:18:23+00:00 MacBook-Pro-212.local#02 I: Start test public:28:public_parser_expr_record3.
2024-04-05T22:18:23+00:00 MacBook-Pro-212.local#00 I: 2 tests running: public:28:public_parser_expr_record3, public:27:public_parser_expr_record2.
2024-04-05T22:18:23+00:00 MacBook-Pro-212.local#01 I: End test public:27:public_parser_expr_record2.
2024-04-05T22:18:23+00:00 MacBook-Pro-212.local#02 W: Skip test public:28:public_parser_expr_record3: Test disabled.
2024-04-05T22:18:23+00:00 MacBook-Pro-212.local#00 I: 2 tests running: public:28:public_parser_expr_record3, public:27:public_parser_expr_record2.
2024-04-05T22:18:23+00:00 MacBook-Pro-212.local#02 I: End test public:28:public_parser_expr_record3.
2024-04-05T22:18:23+00:00 MacBook-Pro-212.local#00 I: 2 tests running: public:29:public_parser_expr_record_select, public:28:public_parser_expr_record3.
2024-04-05T22:18:23+00:00 MacBook-Pro-212.local#00 I: 2 tests running: public:30:public_parser_expr_record_select_let, public:29:public_parser_expr_record_select.
2024-04-05T22:18:23+00:00 MacBook-Pro-212.local#01 I: Start test public:29:public_parser_expr_record_select.
2024-04-05T22:18:23+00:00 MacBook-Pro-212.local#02 I: Start test public:30:public_parser_expr_record_select_let.
2024-04-05T22:18:23+00:00 MacBook-Pro-212.local#00 I: 2 tests running: public:30:public_parser_expr_record_select_let, public:29:public_parser_expr_record_select.
2024-04-05T22:18:23+00:00 MacBook-Pro-212.local#01 W: Skip test public:29:public_parser_expr_record_select: Test disabled.
2024-04-05T22:18:23+00:00 MacBook-Pro-212.local#02 W: Skip test public:30:public_parser_expr_record_select_let: Test disabled.
2024-04-05T22:18:23+00:00 MacBook-Pro-212.local#00 I: 2 tests running: public:30:public_parser_expr_record_select_let, public:29:public_parser_expr_record_select.
2024-04-05T22:18:23+00:00 MacBook-Pro-212.local#01 I: End test public:29:public_parser_expr_record_select.
2024-04-05T22:18:23+00:00 MacBook-Pro-212.local#02 I: End test public:30:public_parser_expr_record_select_let.
2024-04-05T22:18:23+00:00 MacBook-Pro-212.local#00 I: 2 tests running: public:30:public_parser_expr_record_select_let, public:29:public_parser_expr_record_select.
2024-04-05T22:18:23+00:00 MacBook-Pro-212.local#00 I: 2 tests running: public:32:public_parser_mutop_simple_def_and_let, public:31:public_parser_mutop_pi_def.
2024-04-05T22:18:23+00:00 MacBook-Pro-212.local#02 I: Start test public:31:public_parser_mutop_pi_def.
2024-04-05T22:18:23+00:00 MacBook-Pro-212.local#01 I: Start test public:32:public_parser_mutop_simple_def_and_let.
2024-04-05T22:18:23+00:00 MacBook-Pro-212.local#00 I: 2 tests running: public:32:public_parser_mutop_simple_def_and_let, public:31:public_parser_mutop_pi_def.
2024-04-05T22:18:23+00:00 MacBook-Pro-212.local#02 W: Skip test public:31:public_parser_mutop_pi_def: Test disabled.
2024-04-05T22:18:23+00:00 MacBook-Pro-212.local#00 I: 2 tests running: public:32:public_parser_mutop_simple_def_and_let, public:31:public_parser_mutop_pi_def.
2024-04-05T22:18:23+00:00 MacBook-Pro-212.local#02 I: End test public:31:public_parser_mutop_pi_def.
2024-04-05T22:18:23+00:00 MacBook-Pro-212.local#01 W: Skip test public:32:public_parser_mutop_simple_def_and_let: Test disabled.
2024-04-05T22:18:23+00:00 MacBook-Pro-212.local#00 I: 2 tests running: public:32:public_parser_mutop_simple_def_and_let, public:31:public_parser_mutop_pi_def.
2024-04-05T22:18:23+00:00 MacBook-Pro-212.local#01 I: End test public:32:public_parser_mutop_simple_def_and_let.
2024-04-05T22:18:23+00:00 MacBook-Pro-212.local#00 I: 2 tests running: public:33:public_parser_mutop_factorial, public:32:public_parser_mutop_simple_def_and_let.
2024-04-05T22:18:23+00:00 MacBook-Pro-212.local#02 I: Start test public:33:public_parser_mutop_factorial.
2024-04-05T22:18:23+00:00 MacBook-Pro-212.local#00 I: 2 tests running: public:34:public_eval_nothing, public:33:public_parser_mutop_factorial.
2024-04-05T22:18:23+00:00 MacBook-Pro-212.local#02 W: Skip test public:33:public_parser_mutop_factorial: Test disabled.
2024-04-05T22:18:23+00:00 MacBook-Pro-212.local#01 I: Start test public:34:public_eval_nothing.
2024-04-05T22:18:23+00:00 MacBook-Pro-212.local#00 I: 2 tests running: public:34:public_eval_nothing, public:33:public_parser_mutop_factorial.
2024-04-05T22:18:23+00:00 MacBook-Pro-212.local#02 I: End test public:33:public_parser_mutop_factorial.
2024-04-05T22:18:23+00:00 MacBook-Pro-212.local#01 W: Skip test public:34:public_eval_nothing: Test disabled.
2024-04-05T22:18:23+00:00 MacBook-Pro-212.local#00 I: 2 tests running: public:34:public_eval_nothing, public:33:public_parser_mutop_factorial.
2024-04-05T22:18:23+00:00 MacBook-Pro-212.local#01 I: End test public:34:public_eval_nothing.
2024-04-05T22:18:23+00:00 MacBook-Pro-212.local#00 I: 2 tests running: public:35:public_eval_expr_add1, public:34:public_eval_nothing.
2024-04-05T22:18:23+00:00 MacBook-Pro-212.local#02 I: Start test public:35:public_eval_expr_add1.
2024-04-05T22:18:23+00:00 MacBook-Pro-212.local#00 I: 2 tests running: public:36:public_eval_expr_apply, public:35:public_eval_expr_add1.
2024-04-05T22:18:23+00:00 MacBook-Pro-212.local#02 W: Skip test public:35:public_eval_expr_add1: Test disabled.
2024-04-05T22:18:23+00:00 MacBook-Pro-212.local#00 I: 2 tests running: public:36:public_eval_expr_apply, public:35:public_eval_expr_add1.
2024-04-05T22:18:23+00:00 MacBook-Pro-212.local#02 I: End test public:35:public_eval_expr_add1.
2024-04-05T22:18:23+00:00 MacBook-Pro-212.local#01 I: Start test public:36:public_eval_expr_apply.
2024-04-05T22:18:23+00:00 MacBook-Pro-212.local#00 I: 2 tests running: public:36:public_eval_expr_apply, public:35:public_eval_expr_add1.
2024-04-05T22:18:23+00:00 MacBook-Pro-212.local#01 W: Skip test public:36:public_eval_expr_apply: Test disabled.
2024-04-05T22:18:23+00:00 MacBook-Pro-212.local#00 I: 2 tests running: public:37:public_eval_expr_double_fun, public:36:public_eval_expr_apply.
2024-04-05T22:18:23+00:00 MacBook-Pro-212.local#01 I: End test public:36:public_eval_expr_apply.
2024-04-05T22:18:23+00:00 MacBook-Pro-212.local#00 I: 2 tests running: public:37:public_eval_expr_double_fun, public:36:public_eval_expr_apply.
2024-04-05T22:18:23+00:00 MacBook-Pro-212.local#02 I: Start test public:37:public_eval_expr_double_fun.
2024-04-05T22:18:23+00:00 MacBook-Pro-212.local#00 I: 2 tests running: public:38:public_eval_expr_let_if, public:37:public_eval_expr_double_fun.
2024-04-05T22:18:23+00:00 MacBook-Pro-212.local#02 W: Skip test public:37:public_eval_expr_double_fun: Test disabled.
2024-04-05T22:18:23+00:00 MacBook-Pro-212.local#01 I: Start test public:38:public_eval_expr_let_if.
2024-04-05T22:18:23+00:00 MacBook-Pro-212.local#00 I: 2 tests running: public:38:public_eval_expr_let_if, public:37:public_eval_expr_double_fun.
2024-04-05T22:18:23+00:00 MacBook-Pro-212.local#02 I: End test public:37:public_eval_expr_double_fun.
2024-04-05T22:18:23+00:00 MacBook-Pro-212.local#01 W: Skip test public:38:public_eval_expr_let_if: Test disabled.
2024-04-05T22:18:23+00:00 MacBook-Pro-212.local#00 I: 2 tests running: public:38:public_eval_expr_let_if, public:37:public_eval_expr_double_fun.
2024-04-05T22:18:23+00:00 MacBook-Pro-212.local#01 I: End test public:38:public_eval_expr_let_if.
2024-04-05T22:18:23+00:00 MacBook-Pro-212.local#00 I: 2 tests running: public:39:public_eval_expr_let_fun, public:38:public_eval_expr_let_if.
2024-04-05T22:18:23+00:00 MacBook-Pro-212.local#02 I: Start test public:39:public_eval_expr_let_fun.
2024-04-05T22:18:23+00:00 MacBook-Pro-212.local#00 I: 2 tests running: public:40:public_eval_expr_minus_one, public:39:public_eval_expr_let_fun.
2024-04-05T22:18:23+00:00 MacBook-Pro-212.local#02 W: Skip test public:39:public_eval_expr_let_fun: Test disabled.
2024-04-05T22:18:23+00:00 MacBook-Pro-212.local#00 I: 2 tests running: public:40:public_eval_expr_minus_one, public:39:public_eval_expr_let_fun.
2024-04-05T22:18:23+00:00 MacBook-Pro-212.local#02 I: End test public:39:public_eval_expr_let_fun.
2024-04-05T22:18:23+00:00 MacBook-Pro-212.local#01 I: Start test public:40:public_eval_expr_minus_one.
2024-04-05T22:18:23+00:00 MacBook-Pro-212.local#00 I: 2 tests running: public:40:public_eval_expr_minus_one, public:39:public_eval_expr_let_fun.
2024-04-05T22:18:23+00:00 MacBook-Pro-212.local#01 W: Skip test public:40:public_eval_expr_minus_one: Test disabled.
2024-04-05T22:18:23+00:00 MacBook-Pro-212.local#00 I: 2 tests running: public:41:public_eval_expr_nested_let, public:40:public_eval_expr_minus_one.
2024-04-05T22:18:23+00:00 MacBook-Pro-212.local#01 I: End test public:40:public_eval_expr_minus_one.
2024-04-05T22:18:23+00:00 MacBook-Pro-212.local#02 I: Start test public:41:public_eval_expr_nested_let.
2024-04-05T22:18:23+00:00 MacBook-Pro-212.local#00 I: 2 tests running: public:41:public_eval_expr_nested_let, public:40:public_eval_expr_minus_one.
2024-04-05T22:18:23+00:00 MacBook-Pro-212.local#02 W: Skip test public:41:public_eval_expr_nested_let: Test disabled.
2024-04-05T22:18:23+00:00 MacBook-Pro-212.local#00 I: 2 tests running: public:42:public_eval_expr_simple_equal, public:41:public_eval_expr_nested_let.
2024-04-05T22:18:23+00:00 MacBook-Pro-212.local#02 I: End test public:41:public_eval_expr_nested_let.
2024-04-05T22:18:23+00:00 MacBook-Pro-212.local#00 I: 2 tests running: public:42:public_eval_expr_simple_equal, public:41:public_eval_expr_nested_let.
2024-04-05T22:18:23+00:00 MacBook-Pro-212.local#01 I: Start test public:42:public_eval_expr_simple_equal.
2024-04-05T22:18:23+00:00 MacBook-Pro-212.local#00 I: 2 tests running: public:43:public_eval_expr_simple_concat, public:42:public_eval_expr_simple_equal.
2024-04-05T22:18:23+00:00 MacBook-Pro-212.local#01 W: Skip test public:42:public_eval_expr_simple_equal: Test disabled.
2024-04-05T22:18:23+00:00 MacBook-Pro-212.local#02 I: Start test public:43:public_eval_expr_simple_concat.
2024-04-05T22:18:23+00:00 MacBook-Pro-212.local#00 I: 2 tests running: public:43:public_eval_expr_simple_concat, public:42:public_eval_expr_simple_equal.
2024-04-05T22:18:23+00:00 MacBook-Pro-212.local#01 I: End test public:42:public_eval_expr_simple_equal.
2024-04-05T22:18:23+00:00 MacBook-Pro-212.local#02 W: Skip test public:43:public_eval_expr_simple_concat: Test disabled.
2024-04-05T22:18:23+00:00 MacBook-Pro-212.local#00 I: 2 tests running: public:43:public_eval_expr_simple_concat, public:42:public_eval_expr_simple_equal.
2024-04-05T22:18:23+00:00 MacBook-Pro-212.local#02 I: End test public:43:public_eval_expr_simple_concat.
2024-04-05T22:18:23+00:00 MacBook-Pro-212.local#00 I: 2 tests running: public:44:public_eval_expr_simple_div, public:43:public_eval_expr_simple_concat.
2024-04-05T22:18:23+00:00 MacBook-Pro-212.local#00 I: 2 tests running: public:45:public_eval_expr_simple_mult, public:44:public_eval_expr_simple_div.
2024-04-05T22:18:23+00:00 MacBook-Pro-212.local#01 I: Start test public:44:public_eval_expr_simple_div.
2024-04-05T22:18:23+00:00 MacBook-Pro-212.local#00 I: 2 tests running: public:45:public_eval_expr_simple_mult, public:44:public_eval_expr_simple_div.
2024-04-05T22:18:23+00:00 MacBook-Pro-212.local#01 W: Skip test public:44:public_eval_expr_simple_div: Test disabled.
2024-04-05T22:18:23+00:00 MacBook-Pro-212.local#00 I: 2 tests running: public:45:public_eval_expr_simple_mult, public:44:public_eval_expr_simple_div.
2024-04-05T22:18:23+00:00 MacBook-Pro-212.local#01 I: End test public:44:public_eval_expr_simple_div.
2024-04-05T22:18:23+00:00 MacBook-Pro-212.local#00 I: 2 tests running: public:45:public_eval_expr_simple_mult, public:44:public_eval_expr_simple_div.
2024-04-05T22:18:23+00:00 MacBook-Pro-212.local#00 I: 2 tests running: public:46:public_eval_expr_simple_sub, public:45:public_eval_expr_simple_mult.
2024-04-05T22:18:23+00:00 MacBook-Pro-212.local#02 I: Start test public:45:public_eval_expr_simple_mult.
2024-04-05T22:18:23+00:00 MacBook-Pro-212.local#01 I: Start test public:46:public_eval_expr_simple_sub.
2024-04-05T22:18:23+00:00 MacBook-Pro-212.local#00 I: 2 tests running: public:46:public_eval_expr_simple_sub, public:45:public_eval_expr_simple_mult.
2024-04-05T22:18:23+00:00 MacBook-Pro-212.local#02 W: Skip test public:45:public_eval_expr_simple_mult: Test disabled.
2024-04-05T22:18:23+00:00 MacBook-Pro-212.local#01 W: Skip test public:46:public_eval_expr_simple_sub: Test disabled.
2024-04-05T22:18:23+00:00 MacBook-Pro-212.local#00 I: 2 tests running: public:46:public_eval_expr_simple_sub, public:45:public_eval_expr_simple_mult.
2024-04-05T22:18:23+00:00 MacBook-Pro-212.local#02 I: End test public:45:public_eval_expr_simple_mult.
2024-04-05T22:18:23+00:00 MacBook-Pro-212.local#01 I: End test public:46:public_eval_expr_simple_sub.
2024-04-05T22:18:23+00:00 MacBook-Pro-212.local#00 I: 2 tests running: public:46:public_eval_expr_simple_sub, public:45:public_eval_expr_simple_mult.
2024-04-05T22:18:23+00:00 MacBook-Pro-212.local#00 I: 2 tests running: public:48:public_eval_expr_single_and, public:47:public_eval_expr_simple_sum.
2024-04-05T22:18:23+00:00 MacBook-Pro-212.local#02 I: Start test public:48:public_eval_expr_single_and.
2024-04-05T22:18:23+00:00 MacBook-Pro-212.local#00 I: 2 tests running: public:48:public_eval_expr_single_and, public:47:public_eval_expr_simple_sum.
2024-04-05T22:18:23+00:00 MacBook-Pro-212.local#01 I: Start test public:47:public_eval_expr_simple_sum.
2024-04-05T22:18:23+00:00 MacBook-Pro-212.local#00 I: 2 tests running: public:48:public_eval_expr_single_and, public:47:public_eval_expr_simple_sum.
2024-04-05T22:18:23+00:00 MacBook-Pro-212.local#01 W: Skip test public:47:public_eval_expr_simple_sum: Test disabled.
2024-04-05T22:18:23+00:00 MacBook-Pro-212.local#02 W: Skip test public:48:public_eval_expr_single_and: Test disabled.
2024-04-05T22:18:23+00:00 MacBook-Pro-212.local#00 I: 2 tests running: public:48:public_eval_expr_single_and, public:47:public_eval_expr_simple_sum.
2024-04-05T22:18:23+00:00 MacBook-Pro-212.local#01 I: End test public:47:public_eval_expr_simple_sum.
2024-04-05T22:18:23+00:00 MacBook-Pro-212.local#02 I: End test public:48:public_eval_expr_single_and.
2024-04-05T22:18:23+00:00 MacBook-Pro-212.local#00 I: 2 tests running: public:48:public_eval_expr_single_and, public:47:public_eval_expr_simple_sum.
2024-04-05T22:18:23+00:00 MacBook-Pro-212.local#00 I: 2 tests running: public:50:public_eval_expr_single_fun, public:49:public_eval_expr_single_bool.
2024-04-05T22:18:23+00:00 MacBook-Pro-212.local#01 I: Start test public:50:public_eval_expr_single_fun.
2024-04-05T22:18:23+00:00 MacBook-Pro-212.local#00 I: 2 tests running: public:50:public_eval_expr_single_fun, public:49:public_eval_expr_single_bool.
2024-04-05T22:18:23+00:00 MacBook-Pro-212.local#01 W: Skip test public:50:public_eval_expr_single_fun: Test disabled.
2024-04-05T22:18:23+00:00 MacBook-Pro-212.local#00 I: 2 tests running: public:50:public_eval_expr_single_fun, public:49:public_eval_expr_single_bool.
2024-04-05T22:18:23+00:00 MacBook-Pro-212.local#01 I: End test public:50:public_eval_expr_single_fun.
2024-04-05T22:18:23+00:00 MacBook-Pro-212.local#00 I: 2 tests running: public:50:public_eval_expr_single_fun, public:49:public_eval_expr_single_bool.
2024-04-05T22:18:23+00:00 MacBook-Pro-212.local#00 I: 2 tests running: public:51:public_eval_expr_single_if, public:49:public_eval_expr_single_bool.
2024-04-05T22:18:23+00:00 MacBook-Pro-212.local#02 I: Start test public:49:public_eval_expr_single_bool.
2024-04-05T22:18:23+00:00 MacBook-Pro-212.local#00 I: 2 tests running: public:51:public_eval_expr_single_if, public:49:public_eval_expr_single_bool.
2024-04-05T22:18:23+00:00 MacBook-Pro-212.local#02 W: Skip test public:49:public_eval_expr_single_bool: Test disabled.
2024-04-05T22:18:23+00:00 MacBook-Pro-212.local#00 I: 2 tests running: public:51:public_eval_expr_single_if, public:49:public_eval_expr_single_bool.
2024-04-05T22:18:23+00:00 MacBook-Pro-212.local#02 I: End test public:49:public_eval_expr_single_bool.
2024-04-05T22:18:23+00:00 MacBook-Pro-212.local#01 I: Start test public:51:public_eval_expr_single_if.
2024-04-05T22:18:23+00:00 MacBook-Pro-212.local#00 I: 2 tests running: public:51:public_eval_expr_single_if, public:49:public_eval_expr_single_bool.
2024-04-05T22:18:23+00:00 MacBook-Pro-212.local#01 W: Skip test public:51:public_eval_expr_single_if: Test disabled.
2024-04-05T22:18:23+00:00 MacBook-Pro-212.local#00 I: 2 tests running: public:52:public_eval_expr_single_let, public:51:public_eval_expr_single_if.
2024-04-05T22:18:23+00:00 MacBook-Pro-212.local#01 I: End test public:51:public_eval_expr_single_if.
2024-04-05T22:18:23+00:00 MacBook-Pro-212.local#00 I: 2 tests running: public:52:public_eval_expr_single_let, public:51:public_eval_expr_single_if.
2024-04-05T22:18:23+00:00 MacBook-Pro-212.local#02 I: Start test public:52:public_eval_expr_single_let.
2024-04-05T22:18:23+00:00 MacBook-Pro-212.local#00 I: 2 tests running: public:53:public_eval_expr_single_notequal, public:52:public_eval_expr_single_let.
2024-04-05T22:18:23+00:00 MacBook-Pro-212.local#02 W: Skip test public:52:public_eval_expr_single_let: Test disabled.
2024-04-05T22:18:23+00:00 MacBook-Pro-212.local#00 I: 2 tests running: public:53:public_eval_expr_single_notequal, public:52:public_eval_expr_single_let.
2024-04-05T22:18:23+00:00 MacBook-Pro-212.local#02 I: End test public:52:public_eval_expr_single_let.
2024-04-05T22:18:23+00:00 MacBook-Pro-212.local#00 I: 2 tests running: public:53:public_eval_expr_single_notequal, public:52:public_eval_expr_single_let.
2024-04-05T22:18:23+00:00 MacBook-Pro-212.local#00 I: 2 tests running: public:54:public_eval_expr_single_not, public:53:public_eval_expr_single_notequal.
2024-04-05T22:18:23+00:00 MacBook-Pro-212.local#01 I: Start test public:53:public_eval_expr_single_notequal.
2024-04-05T22:18:23+00:00 MacBook-Pro-212.local#02 I: Start test public:54:public_eval_expr_single_not.
2024-04-05T22:18:23+00:00 MacBook-Pro-212.local#00 I: 2 tests running: public:54:public_eval_expr_single_not, public:53:public_eval_expr_single_notequal.
2024-04-05T22:18:23+00:00 MacBook-Pro-212.local#01 W: Skip test public:53:public_eval_expr_single_notequal: Test disabled.
2024-04-05T22:18:23+00:00 MacBook-Pro-212.local#02 W: Skip test public:54:public_eval_expr_single_not: Test disabled.
2024-04-05T22:18:23+00:00 MacBook-Pro-212.local#00 I: 2 tests running: public:54:public_eval_expr_single_not, public:53:public_eval_expr_single_notequal.
2024-04-05T22:18:23+00:00 MacBook-Pro-212.local#01 I: End test public:53:public_eval_expr_single_notequal.
2024-04-05T22:18:23+00:00 MacBook-Pro-212.local#02 I: End test public:54:public_eval_expr_single_not.
2024-04-05T22:18:23+00:00 MacBook-Pro-212.local#00 I: 2 tests running: public:54:public_eval_expr_single_not, public:53:public_eval_expr_single_notequal.
2024-04-05T22:18:23+00:00 MacBook-Pro-212.local#00 I: 2 tests running: public:56:public_eval_expr_single_or, public:55:public_eval_expr_single_number.
2024-04-05T22:18:23+00:00 MacBook-Pro-212.local#02 I: Start test public:55:public_eval_expr_single_number.
2024-04-05T22:18:23+00:00 MacBook-Pro-212.local#01 I: Start test public:56:public_eval_expr_single_or.
2024-04-05T22:18:23+00:00 MacBook-Pro-212.local#00 I: 2 tests running: public:56:public_eval_expr_single_or, public:55:public_eval_expr_single_number.
2024-04-05T22:18:23+00:00 MacBook-Pro-212.local#02 W: Skip test public:55:public_eval_expr_single_number: Test disabled.
2024-04-05T22:18:23+00:00 MacBook-Pro-212.local#01 W: Skip test public:56:public_eval_expr_single_or: Test disabled.
2024-04-05T22:18:23+00:00 MacBook-Pro-212.local#00 I: 2 tests running: public:56:public_eval_expr_single_or, public:55:public_eval_expr_single_number.
2024-04-05T22:18:23+00:00 MacBook-Pro-212.local#02 I: End test public:55:public_eval_expr_single_number.
2024-04-05T22:18:23+00:00 MacBook-Pro-212.local#01 I: End test public:56:public_eval_expr_single_or.
2024-04-05T22:18:23+00:00 MacBook-Pro-212.local#00 I: 2 tests running: public:56:public_eval_expr_single_or, public:55:public_eval_expr_single_number.
2024-04-05T22:18:23+00:00 MacBook-Pro-212.local#00 I: 2 tests running: public:58:public_eval_expr_shadow, public:57:public_eval_expr_single_string.
2024-04-05T22:18:23+00:00 MacBook-Pro-212.local#01 I: Start test public:57:public_eval_expr_single_string.
2024-04-05T22:18:23+00:00 MacBook-Pro-212.local#00 I: 2 tests running: public:58:public_eval_expr_shadow, public:57:public_eval_expr_single_string.
2024-04-05T22:18:23+00:00 MacBook-Pro-212.local#01 W: Skip test public:57:public_eval_expr_single_string: Test disabled.
2024-04-05T22:18:23+00:00 MacBook-Pro-212.local#02 I: Start test public:58:public_eval_expr_shadow.
2024-04-05T22:18:23+00:00 MacBook-Pro-212.local#00 I: 2 tests running: public:58:public_eval_expr_shadow, public:57:public_eval_expr_single_string.
2024-04-05T22:18:23+00:00 MacBook-Pro-212.local#01 I: End test public:57:public_eval_expr_single_string.
2024-04-05T22:18:23+00:00 MacBook-Pro-212.local#02 W: Skip test public:58:public_eval_expr_shadow: Test disabled.
2024-04-05T22:18:23+00:00 MacBook-Pro-212.local#00 I: 2 tests running: public:58:public_eval_expr_shadow, public:57:public_eval_expr_single_string.
2024-04-05T22:18:23+00:00 MacBook-Pro-212.local#02 I: End test public:58:public_eval_expr_shadow.
2024-04-05T22:18:23+00:00 MacBook-Pro-212.local#00 I: 2 tests running: public:59:public_eval_expr_record_empty, public:58:public_eval_expr_shadow.
2024-04-05T22:18:23+00:00 MacBook-Pro-212.local#00 I: 2 tests running: public:60:public_eval_expr_record1, public:59:public_eval_expr_record_empty.
2024-04-05T22:18:23+00:00 MacBook-Pro-212.local#01 I: Start test public:59:public_eval_expr_record_empty.
2024-04-05T22:18:23+00:00 MacBook-Pro-212.local#00 I: 2 tests running: public:60:public_eval_expr_record1, public:59:public_eval_expr_record_empty.
2024-04-05T22:18:23+00:00 MacBook-Pro-212.local#01 W: Skip test public:59:public_eval_expr_record_empty: Test disabled.
2024-04-05T22:18:23+00:00 MacBook-Pro-212.local#02 I: Start test public:60:public_eval_expr_record1.
2024-04-05T22:18:23+00:00 MacBook-Pro-212.local#00 I: 2 tests running: public:60:public_eval_expr_record1, public:59:public_eval_expr_record_empty.
2024-04-05T22:18:23+00:00 MacBook-Pro-212.local#01 I: End test public:59:public_eval_expr_record_empty.
2024-04-05T22:18:23+00:00 MacBook-Pro-212.local#02 W: Skip test public:60:public_eval_expr_record1: Test disabled.
2024-04-05T22:18:23+00:00 MacBook-Pro-212.local#00 I: 2 tests running: public:60:public_eval_expr_record1, public:59:public_eval_expr_record_empty.
2024-04-05T22:18:23+00:00 MacBook-Pro-212.local#02 I: End test public:60:public_eval_expr_record1.
2024-04-05T22:18:23+00:00 MacBook-Pro-212.local#00 I: 2 tests running: public:61:public_eval_expr_record2, public:60:public_eval_expr_record1.
2024-04-05T22:18:23+00:00 MacBook-Pro-212.local#01 I: Start test public:61:public_eval_expr_record2.
2024-04-05T22:18:23+00:00 MacBook-Pro-212.local#00 I: 2 tests running: public:62:public_eval_expr_record3, public:61:public_eval_expr_record2.
2024-04-05T22:18:23+00:00 MacBook-Pro-212.local#01 W: Skip test public:61:public_eval_expr_record2: Test disabled.
2024-04-05T22:18:23+00:00 MacBook-Pro-212.local#02 I: Start test public:62:public_eval_expr_record3.
2024-04-05T22:18:23+00:00 MacBook-Pro-212.local#00 I: 2 tests running: public:62:public_eval_expr_record3, public:61:public_eval_expr_record2.
2024-04-05T22:18:23+00:00 MacBook-Pro-212.local#01 I: End test public:61:public_eval_expr_record2.
2024-04-05T22:18:23+00:00 MacBook-Pro-212.local#02 W: Skip test public:62:public_eval_expr_record3: Test disabled.
2024-04-05T22:18:23+00:00 MacBook-Pro-212.local#00 I: 2 tests running: public:62:public_eval_expr_record3, public:61:public_eval_expr_record2.
2024-04-05T22:18:23+00:00 MacBook-Pro-212.local#02 I: End test public:62:public_eval_expr_record3.
2024-04-05T22:18:23+00:00 MacBook-Pro-212.local#00 I: 2 tests running: public:63:public_eval_expr_record_select, public:62:public_eval_expr_record3.
2024-04-05T22:18:23+00:00 MacBook-Pro-212.local#00 I: 2 tests running: public:64:public_eval_expr_record_select_let, public:63:public_eval_expr_record_select.
2024-04-05T22:18:23+00:00 MacBook-Pro-212.local#02 I: Start test public:64:public_eval_expr_record_select_let.
2024-04-05T22:18:23+00:00 MacBook-Pro-212.local#00 I: 2 tests running: public:64:public_eval_expr_record_select_let, public:63:public_eval_expr_record_select.
2024-04-05T22:18:23+00:00 MacBook-Pro-212.local#01 I: Start test public:63:public_eval_expr_record_select.
2024-04-05T22:18:23+00:00 MacBook-Pro-212.local#02 W: Skip test public:64:public_eval_expr_record_select_let: Test disabled.
2024-04-05T22:18:23+00:00 MacBook-Pro-212.local#00 I: 2 tests running: public:64:public_eval_expr_record_select_let, public:63:public_eval_expr_record_select.
2024-04-05T22:18:23+00:00 MacBook-Pro-212.local#01 W: Skip test public:63:public_eval_expr_record_select: Test disabled.
2024-04-05T22:18:23+00:00 MacBook-Pro-212.local#02 I: End test public:64:public_eval_expr_record_select_let.
2024-04-05T22:18:23+00:00 MacBook-Pro-212.local#00 I: 2 tests running: public:64:public_eval_expr_record_select_let, public:63:public_eval_expr_record_select.
2024-04-05T22:18:23+00:00 MacBook-Pro-212.local#01 I: End test public:63:public_eval_expr_record_select.
2024-04-05T22:18:23+00:00 MacBook-Pro-212.local#00 I: 2 tests running: public:65:public_eval_mutop_pi_def, public:63:public_eval_expr_record_select.
2024-04-05T22:18:23+00:00 MacBook-Pro-212.local#00 I: 2 tests running: public:66:public_eval_mutop_simple_def_and_let, public:65:public_eval_mutop_pi_def.
2024-04-05T22:18:23+00:00 MacBook-Pro-212.local#02 I: Start test public:65:public_eval_mutop_pi_def.
2024-04-05T22:18:23+00:00 MacBook-Pro-212.local#00 I: 2 tests running: public:66:public_eval_mutop_simple_def_and_let, public:65:public_eval_mutop_pi_def.
2024-04-05T22:18:23+00:00 MacBook-Pro-212.local#01 I: Start test public:66:public_eval_mutop_simple_def_and_let.
2024-04-05T22:18:23+00:00 MacBook-Pro-212.local#00 I: 2 tests running: public:66:public_eval_mutop_simple_def_and_let, public:65:public_eval_mutop_pi_def.
2024-04-05T22:18:23+00:00 MacBook-Pro-212.local#02 W: Skip test public:65:public_eval_mutop_pi_def: Test disabled.
2024-04-05T22:18:23+00:00 MacBook-Pro-212.local#01 W: Skip test public:66:public_eval_mutop_simple_def_and_let: Test disabled.
2024-04-05T22:18:23+00:00 MacBook-Pro-212.local#00 I: 2 tests running: public:66:public_eval_mutop_simple_def_and_let, public:65:public_eval_mutop_pi_def.
2024-04-05T22:18:23+00:00 MacBook-Pro-212.local#02 I: End test public:65:public_eval_mutop_pi_def.
2024-04-05T22:18:23+00:00 MacBook-Pro-212.local#01 I: End test public:66:public_eval_mutop_simple_def_and_let.
2024-04-05T22:18:23+00:00 MacBook-Pro-212.local#00 I: 2 tests running: public:66:public_eval_mutop_simple_def_and_let, public:65:public_eval_mutop_pi_def.
2024-04-05T22:18:23+00:00 MacBook-Pro-212.local#00 I: 2 tests running: public:68:public_expr_select_expr, public:67:public_eval_mutop_factorial.
2024-04-05T22:18:23+00:00 MacBook-Pro-212.local#01 I: Start test public:67:public_eval_mutop_factorial.
2024-04-05T22:18:23+00:00 MacBook-Pro-212.local#00 I: 2 tests running: public:68:public_expr_select_expr, public:67:public_eval_mutop_factorial.
2024-04-05T22:18:23+00:00 MacBook-Pro-212.local#02 I: Start test public:68:public_expr_select_expr.
2024-04-05T22:18:23+00:00 MacBook-Pro-212.local#00 I: 2 tests running: public:68:public_expr_select_expr, public:67:public_eval_mutop_factorial.
2024-04-05T22:18:23+00:00 MacBook-Pro-212.local#01 W: Skip test public:67:public_eval_mutop_factorial: Test disabled.
2024-04-05T22:18:23+00:00 MacBook-Pro-212.local#00 I: 2 tests running: public:68:public_expr_select_expr, public:67:public_eval_mutop_factorial.
2024-04-05T22:18:23+00:00 MacBook-Pro-212.local#01 I: End test public:67:public_eval_mutop_factorial.
2024-04-05T22:18:23+00:00 MacBook-Pro-212.local#00 I: 2 tests running: public:68:public_expr_select_expr, public:67:public_eval_mutop_factorial.
2024-04-05T22:18:23+00:00 MacBook-Pro-212.local#00 I: 2 tests running: public:69:public_mutop_nonempty_env, public:68:public_expr_select_expr.
2024-04-05T22:18:23+00:00 MacBook-Pro-212.local#02 E: Test public:68:public_expr_select_expr has failed.
2024-04-05T22:18:23+00:00 MacBook-Pro-212.local#02 E: public_record
2024-04-05T22:18:23+00:00 MacBook-Pro-212.local#02 E: not equal in test public:68:public_expr_select_expr.
2024-04-05T22:18:23+00:00 MacBook-Pro-212.local#02 E: Raised at OUnitAssert.assert_failure in file "src/lib/ounit2/advanced/oUnitAssert.ml", line 45, characters 2-27
2024-04-05T22:18:23+00:00 MacBook-Pro-212.local#02 E: Called from OUnitRunner.run_one_test.(fun) in file "src/lib/ounit2/advanced/oUnitRunner.ml", line 83, characters 13-26
2024-04-05T22:18:23+00:00 MacBook-Pro-212.local#02 E: 
2024-04-05T22:18:23+00:00 MacBook-Pro-212.local#01 I: Start test public:69:public_mutop_nonempty_env.
2024-04-05T22:18:23+00:00 MacBook-Pro-212.local#00 I: 2 tests running: public:69:public_mutop_nonempty_env, public:68:public_expr_select_expr.
2024-04-05T22:18:23+00:00 MacBook-Pro-212.local#02 I: End test public:68:public_expr_select_expr.
2024-04-05T22:18:23+00:00 MacBook-Pro-212.local#01 W: Skip test public:69:public_mutop_nonempty_env: Test disabled.
2024-04-05T22:18:23+00:00 MacBook-Pro-212.local#00 I: 2 tests running: public:69:public_mutop_nonempty_env, public:68:public_expr_select_expr.
2024-04-05T22:18:23+00:00 MacBook-Pro-212.local#01 I: End test public:69:public_mutop_nonempty_env.
2024-04-05T22:18:23+00:00 MacBook-Pro-212.local#00 I: 2 tests running: public:70:public_err_div_by_zero, public:69:public_mutop_nonempty_env.
2024-04-05T22:18:23+00:00 MacBook-Pro-212.local#00 I: 2 tests running: public:71:public_err_def_not_top_level, public:70:public_err_div_by_zero.
2024-04-05T22:18:23+00:00 MacBook-Pro-212.local#02 I: Start test public:70:public_err_div_by_zero.
2024-04-05T22:18:23+00:00 MacBook-Pro-212.local#01 I: Start test public:71:public_err_def_not_top_level.
2024-04-05T22:18:23+00:00 MacBook-Pro-212.local#00 I: 2 tests running: public:71:public_err_def_not_top_level, public:70:public_err_div_by_zero.
2024-04-05T22:18:23+00:00 MacBook-Pro-212.local#02 W: Skip test public:70:public_err_div_by_zero: Test disabled.
2024-04-05T22:18:23+00:00 MacBook-Pro-212.local#00 I: 2 tests running: public:71:public_err_def_not_top_level, public:70:public_err_div_by_zero.
2024-04-05T22:18:23+00:00 MacBook-Pro-212.local#02 I: End test public:70:public_err_div_by_zero.
2024-04-05T22:18:23+00:00 MacBook-Pro-212.local#01 W: Skip test public:71:public_err_def_not_top_level: Test disabled.
2024-04-05T22:18:23+00:00 MacBook-Pro-212.local#00 I: 2 tests running: public:71:public_err_def_not_top_level, public:70:public_err_div_by_zero.
2024-04-05T22:18:23+00:00 MacBook-Pro-212.local#01 I: End test public:71:public_err_def_not_top_level.
2024-04-05T22:18:23+00:00 MacBook-Pro-212.local#00 I: Still 2 tests running : public:72:public_err_mutop_nested_def, public:71:public_err_def_not_top_level.
2024-04-05T22:18:23+00:00 MacBook-Pro-212.local#00 I: 2 tests running: public:72:public_err_mutop_nested_def, public:71:public_err_def_not_top_level.
2024-04-05T22:18:23+00:00 MacBook-Pro-212.local#00 I: Still 1 tests running : public:72:public_err_mutop_nested_def.
2024-04-05T22:18:23+00:00 MacBook-Pro-212.local#00 I: 1 tests running: public:72:public_err_mutop_nested_def.
2024-04-05T22:18:23+00:00 MacBook-Pro-212.local#02 I: Start test public:72:public_err_mutop_nested_def.
2024-04-05T22:18:23+00:00 MacBook-Pro-212.local#00 I: Still 1 tests running : public:72:public_err_mutop_nested_def.
2024-04-05T22:18:23+00:00 MacBook-Pro-212.local#00 I: 1 tests running: public:72:public_err_mutop_nested_def.
2024-04-05T22:18:23+00:00 MacBook-Pro-212.local#02 W: Skip test public:72:public_err_mutop_nested_def: Test disabled.
2024-04-05T22:18:23+00:00 MacBook-Pro-212.local#00 I: Still 1 tests running : public:72:public_err_mutop_nested_def.
2024-04-05T22:18:23+00:00 MacBook-Pro-212.local#00 I: 1 tests running: public:72:public_err_mutop_nested_def.
2024-04-05T22:18:23+00:00 MacBook-Pro-212.local#02 I: End test public:72:public_err_mutop_nested_def.
2024-04-05T22:18:23+00:00 MacBook-Pro-212.local#00 I: Still 1 tests running : public:72:public_err_mutop_nested_def.
2024-04-05T22:18:23+00:00 MacBook-Pro-212.local#00 I: 1 tests running: public:72:public_err_mutop_nested_def.
2024-04-05T22:18:23+00:00 MacBook-Pro-212.local#00 I: 0 tests running: .
2024-04-05T22:18:23+00:00 MacBook-Pro-212.local#00 I: Worker MacBook-Pro-212.local#01 has ended.
2024-04-05T22:18:23+00:00 MacBook-Pro-212.local#00 I: Worker MacBook-Pro-212.local#02 died unexpectedly.
2024-04-05T22:18:23+00:00 MacBook-Pro-212.local#00 I: Used 2 worker during test execution.
2024-04-05T22:18:23+00:00 MacBook-Pro-212.local#00 I: Run 38 tests with shard MacBook-Pro-212.local#01.
2024-04-05T22:18:23+00:00 MacBook-Pro-212.local#00 I: Run 35 tests with shard MacBook-Pro-212.local#02.
2024-04-05T22:18:23+00:00 MacBook-Pro-212.local#00 I: Check health of shard MacBook-Pro-212.local#01, 5 times.
2024-04-05T22:18:23+00:00 MacBook-Pro-212.local#00 I: Check health of shard MacBook-Pro-212.local#02, 2 times.
2024-04-05T22:18:23+00:00 MacBook-Pro-212.local#00 I: ==============
2024-04-05T22:18:23+00:00 MacBook-Pro-212.local#00 I: Summary:
2024-04-05T22:18:23+00:00 MacBook-Pro-212.local#00 W: Skip test public:72:public_err_mutop_nested_def: Test disabled.
2024-04-05T22:18:23+00:00 MacBook-Pro-212.local#00 W: Skip test public:71:public_err_def_not_top_level: Test disabled.
2024-04-05T22:18:23+00:00 MacBook-Pro-212.local#00 W: Skip test public:70:public_err_div_by_zero: Test disabled.
2024-04-05T22:18:23+00:00 MacBook-Pro-212.local#00 W: Skip test public:69:public_mutop_nonempty_env: Test disabled.
2024-04-05T22:18:23+00:00 MacBook-Pro-212.local#00 E: Test public:68:public_expr_select_expr has failed.
2024-04-05T22:18:23+00:00 MacBook-Pro-212.local#00 E: public_record
2024-04-05T22:18:23+00:00 MacBook-Pro-212.local#00 E: not equal in test public:68:public_expr_select_expr.
2024-04-05T22:18:23+00:00 MacBook-Pro-212.local#00 E: Raised at OUnitAssert.assert_failure in file "src/lib/ounit2/advanced/oUnitAssert.ml", line 45, characters 2-27
2024-04-05T22:18:23+00:00 MacBook-Pro-212.local#00 E: Called from OUnitRunner.run_one_test.(fun) in file "src/lib/ounit2/advanced/oUnitRunner.ml", line 83, characters 13-26
2024-04-05T22:18:23+00:00 MacBook-Pro-212.local#00 E: 
2024-04-05T22:18:23+00:00 MacBook-Pro-212.local#00 W: Skip test public:67:public_eval_mutop_factorial: Test disabled.
2024-04-05T22:18:23+00:00 MacBook-Pro-212.local#00 W: Skip test public:66:public_eval_mutop_simple_def_and_let: Test disabled.
2024-04-05T22:18:23+00:00 MacBook-Pro-212.local#00 W: Skip test public:65:public_eval_mutop_pi_def: Test disabled.
2024-04-05T22:18:23+00:00 MacBook-Pro-212.local#00 W: Skip test public:63:public_eval_expr_record_select: Test disabled.
2024-04-05T22:18:23+00:00 MacBook-Pro-212.local#00 W: Skip test public:64:public_eval_expr_record_select_let: Test disabled.
2024-04-05T22:18:23+00:00 MacBook-Pro-212.local#00 W: Skip test public:62:public_eval_expr_record3: Test disabled.
2024-04-05T22:18:23+00:00 MacBook-Pro-212.local#00 W: Skip test public:61:public_eval_expr_record2: Test disabled.
2024-04-05T22:18:23+00:00 MacBook-Pro-212.local#00 W: Skip test public:60:public_eval_expr_record1: Test disabled.
2024-04-05T22:18:23+00:00 MacBook-Pro-212.local#00 W: Skip test public:59:public_eval_expr_record_empty: Test disabled.
2024-04-05T22:18:23+00:00 MacBook-Pro-212.local#00 W: Skip test public:58:public_eval_expr_shadow: Test disabled.
2024-04-05T22:18:23+00:00 MacBook-Pro-212.local#00 W: Skip test public:57:public_eval_expr_single_string: Test disabled.
2024-04-05T22:18:23+00:00 MacBook-Pro-212.local#00 W: Skip test public:56:public_eval_expr_single_or: Test disabled.
2024-04-05T22:18:23+00:00 MacBook-Pro-212.local#00 W: Skip test public:55:public_eval_expr_single_number: Test disabled.
2024-04-05T22:18:23+00:00 MacBook-Pro-212.local#00 W: Skip test public:54:public_eval_expr_single_not: Test disabled.
2024-04-05T22:18:23+00:00 MacBook-Pro-212.local#00 W: Skip test public:53:public_eval_expr_single_notequal: Test disabled.
2024-04-05T22:18:23+00:00 MacBook-Pro-212.local#00 W: Skip test public:52:public_eval_expr_single_let: Test disabled.
2024-04-05T22:18:23+00:00 MacBook-Pro-212.local#00 W: Skip test public:51:public_eval_expr_single_if: Test disabled.
2024-04-05T22:18:23+00:00 MacBook-Pro-212.local#00 W: Skip test public:49:public_eval_expr_single_bool: Test disabled.
2024-04-05T22:18:23+00:00 MacBook-Pro-212.local#00 W: Skip test public:50:public_eval_expr_single_fun: Test disabled.
2024-04-05T22:18:23+00:00 MacBook-Pro-212.local#00 W: Skip test public:48:public_eval_expr_single_and: Test disabled.
2024-04-05T22:18:23+00:00 MacBook-Pro-212.local#00 W: Skip test public:47:public_eval_expr_simple_sum: Test disabled.
2024-04-05T22:18:23+00:00 MacBook-Pro-212.local#00 W: Skip test public:46:public_eval_expr_simple_sub: Test disabled.
2024-04-05T22:18:23+00:00 MacBook-Pro-212.local#00 W: Skip test public:45:public_eval_expr_simple_mult: Test disabled.
2024-04-05T22:18:23+00:00 MacBook-Pro-212.local#00 W: Skip test public:44:public_eval_expr_simple_div: Test disabled.
2024-04-05T22:18:23+00:00 MacBook-Pro-212.local#00 W: Skip test public:43:public_eval_expr_simple_concat: Test disabled.
2024-04-05T22:18:23+00:00 MacBook-Pro-212.local#00 W: Skip test public:42:public_eval_expr_simple_equal: Test disabled.
2024-04-05T22:18:23+00:00 MacBook-Pro-212.local#00 W: Skip test public:41:public_eval_expr_nested_let: Test disabled.
2024-04-05T22:18:23+00:00 MacBook-Pro-212.local#00 W: Skip test public:40:public_eval_expr_minus_one: Test disabled.
2024-04-05T22:18:23+00:00 MacBook-Pro-212.local#00 W: Skip test public:39:public_eval_expr_let_fun: Test disabled.
2024-04-05T22:18:23+00:00 MacBook-Pro-212.local#00 W: Skip test public:38:public_eval_expr_let_if: Test disabled.
2024-04-05T22:18:23+00:00 MacBook-Pro-212.local#00 W: Skip test public:37:public_eval_expr_double_fun: Test disabled.
2024-04-05T22:18:23+00:00 MacBook-Pro-212.local#00 W: Skip test public:36:public_eval_expr_apply: Test disabled.
2024-04-05T22:18:23+00:00 MacBook-Pro-212.local#00 W: Skip test public:35:public_eval_expr_add1: Test disabled.
2024-04-05T22:18:23+00:00 MacBook-Pro-212.local#00 W: Skip test public:34:public_eval_nothing: Test disabled.
2024-04-05T22:18:23+00:00 MacBook-Pro-212.local#00 W: Skip test public:33:public_parser_mutop_factorial: Test disabled.
2024-04-05T22:18:23+00:00 MacBook-Pro-212.local#00 W: Skip test public:32:public_parser_mutop_simple_def_and_let: Test disabled.
2024-04-05T22:18:23+00:00 MacBook-Pro-212.local#00 W: Skip test public:31:public_parser_mutop_pi_def: Test disabled.
2024-04-05T22:18:23+00:00 MacBook-Pro-212.local#00 W: Skip test public:30:public_parser_expr_record_select_let: Test disabled.
2024-04-05T22:18:23+00:00 MacBook-Pro-212.local#00 W: Skip test public:29:public_parser_expr_record_select: Test disabled.
2024-04-05T22:18:23+00:00 MacBook-Pro-212.local#00 W: Skip test public:28:public_parser_expr_record3: Test disabled.
2024-04-05T22:18:23+00:00 MacBook-Pro-212.local#00 W: Skip test public:27:public_parser_expr_record2: Test disabled.
2024-04-05T22:18:23+00:00 MacBook-Pro-212.local#00 W: Skip test public:26:public_parser_expr_record1: Test disabled.
2024-04-05T22:18:23+00:00 MacBook-Pro-212.local#00 W: Skip test public:25:public_parser_expr_record_empty: Test disabled.
2024-04-05T22:18:23+00:00 MacBook-Pro-212.local#00 W: Skip test public:24:public_parser_expr_shadow: Test disabled.
2024-04-05T22:18:23+00:00 MacBook-Pro-212.local#00 W: Skip test public:23:public_parser_expr_single_string: Test disabled.
2024-04-05T22:18:23+00:00 MacBook-Pro-212.local#00 W: Skip test public:22:public_parser_expr_single_or: Test disabled.
2024-04-05T22:18:23+00:00 MacBook-Pro-212.local#00 W: Skip test public:21:public_parser_expr_single_number: Test disabled.
2024-04-05T22:18:23+00:00 MacBook-Pro-212.local#00 W: Skip test public:20:public_parser_expr_single_not: Test disabled.
2024-04-05T22:18:23+00:00 MacBook-Pro-212.local#00 W: Skip test public:19:public_parser_expr_single_notequal: Test disabled.
2024-04-05T22:18:23+00:00 MacBook-Pro-212.local#00 W: Skip test public:18:public_parser_expr_single_let: Test disabled.
2024-04-05T22:18:23+00:00 MacBook-Pro-212.local#00 W: Skip test public:17:public_parser_expr_single_if: Test disabled.
2024-04-05T22:18:23+00:00 MacBook-Pro-212.local#00 W: Skip test public:16:public_parser_expr_single_fun: Test disabled.
2024-04-05T22:18:23+00:00 MacBook-Pro-212.local#00 W: Skip test public:15:public_parser_expr_single_bool: Test disabled.
2024-04-05T22:18:23+00:00 MacBook-Pro-212.local#00 W: Skip test public:14:public_parser_expr_single_and: Test disabled.
2024-04-05T22:18:23+00:00 MacBook-Pro-212.local#00 W: Skip test public:13:public_parser_expr_simple_sum: Test disabled.
2024-04-05T22:18:23+00:00 MacBook-Pro-212.local#00 W: Skip test public:12:public_parser_expr_simple_sub: Test disabled.
2024-04-05T22:18:23+00:00 MacBook-Pro-212.local#00 W: Skip test public:11:public_parser_expr_simple_mult: Test disabled.
2024-04-05T22:18:23+00:00 MacBook-Pro-212.local#00 W: Skip test public:9:public_parser_expr_simple_concat: Test disabled.
2024-04-05T22:18:23+00:00 MacBook-Pro-212.local#00 W: Skip test public:10:public_parser_expr_simple_div: Test disabled.
2024-04-05T22:18:23+00:00 MacBook-Pro-212.local#00 W: Skip test public:8:public_parser_expr_simple_equal: Test disabled.
2024-04-05T22:18:23+00:00 MacBook-Pro-212.local#00 W: Skip test public:7:public_parser_expr_nested_let: Test disabled.
2024-04-05T22:18:23+00:00 MacBook-Pro-212.local#00 W: Skip test public:6:public_parser_expr_minus_one: Test disabled.
2024-04-05T22:18:23+00:00 MacBook-Pro-212.local#00 W: Skip test public:5:public_parser_expr_let_fun: Test disabled.
2024-04-05T22:18:23+00:00 MacBook-Pro-212.local#00 W: Skip test public:4:public_parser_expr_let_if: Test disabled.
2024-04-05T22:18:23+00:00 MacBook-Pro-212.local#00 W: Skip test public:1:public_parser_expr_add1: Test disabled.
2024-04-05T22:18:23+00:00 MacBook-Pro-212.local#00 W: Skip test public:3:public_parser_expr_double_fun: Test disabled.
2024-04-05T22:18:23+00:00 MacBook-Pro-212.local#00 W: Skip test public:2:public_parser_expr_apply: Test disabled.
2024-04-05T22:18:23+00:00 MacBook-Pro-212.local#00 W: Skip test public:0:public_parser_nothing: Test disabled.
2024-04-05T22:18:23+00:00 MacBook-Pro-212.local#00 I: Ran: 73 tests in: 0.11 seconds.
2024-04-05T22:18:23+00:00 MacBook-Pro-212.local#00 I: Cases: 73.
2024-04-05T22:18:23+00:00 MacBook-Pro-212.local#00 I: Tried: 73.
2024-04-05T22:18:23+00:00 MacBook-Pro-212.local#00 I: Errors: 0.
2024-04-05T22:18:23+00:00 MacBook-Pro-212.local#00 I: Failures: 1.
2024-04-05T22:18:23+00:00 MacBook-Pro-212.local#00 I: Skip: 72.
2024-04-05T22:18:23+00:00 MacBook-Pro-212.local#00 I: Todo: 0.
2024-04-05T22:18:23+00:00 MacBook-Pro-212.local#00 I: Timeout: 0.
